<?xml version="1.0" encoding="UTF-8"?>
<testsuite name="repository.AngajatRepositoryTest" tests="1" skipped="0" failures="0" errors="0" timestamp="2019-03-12T15:04:46" hostname="Ciprian-PC" time="0.679">
  <properties/>
  <testcase name="findOne" classname="repository.AngajatRepositoryTest" time="0.679"/>
  <system-out><![CDATA[2019-03-12 17:04:46,530 Test worker DEBUG Initializing configuration XmlConfiguration[location=E:\Sem 2 An 2\MPP\Zboruri\build\resources\main\log4j2.xml]
2019-03-12 17:04:46,546 Test worker DEBUG Installed script engines
2019-03-12 17:04:46,796 Test worker DEBUG Oracle Nashorn Version: 11.0.1, Language: ECMAScript, Threading: Not Thread Safe, Compile: true, Names: {nashorn, Nashorn, js, JS, JavaScript, javascript, ECMAScript, ecmascript}
2019-03-12 17:04:46,796 Test worker DEBUG PluginManager 'Core' found 112 plugins
2019-03-12 17:04:46,796 Test worker DEBUG PluginManager 'Level' found 0 plugins
2019-03-12 17:04:46,796 Test worker DEBUG PluginManager 'Lookup' found 13 plugins
2019-03-12 17:04:46,796 Test worker DEBUG Building Plugin[name=layout, class=org.apache.logging.log4j.core.layout.PatternLayout].
2019-03-12 17:04:46,796 Test worker TRACE TypeConverterRegistry initializing.
2019-03-12 17:04:46,796 Test worker DEBUG PluginManager 'TypeConverter' found 26 plugins
2019-03-12 17:04:46,812 Test worker DEBUG PatternLayout$Builder(pattern="%d{DATE} %-5level %class{36} %L %M - %msg%n", PatternSelector=null, Configuration(E:\Sem 2 An 2\MPP\Zboruri\build\resources\main\log4j2.xml), Replace=null, charset="null", alwaysWriteExceptions="null", disableAnsi="null", noConsoleNoAnsi="null", header="null", footer="null")
2019-03-12 17:04:46,812 Test worker DEBUG PluginManager 'Converter' found 41 plugins
2019-03-12 17:04:46,827 Test worker DEBUG Building Plugin[name=appender, class=org.apache.logging.log4j.core.appender.ConsoleAppender].
2019-03-12 17:04:46,827 Test worker DEBUG ConsoleAppender$Builder(target="SYSTEM_OUT", follow="null", direct="null", bufferedIo="null", bufferSize="null", immediateFlush="null", ignoreExceptions="null", PatternLayout(%d{DATE} %-5level %class{36} %L %M - %msg%n), name="Console", Configuration(E:\Sem 2 An 2\MPP\Zboruri\build\resources\main\log4j2.xml), Filter=null)
2019-03-12 17:04:46,827 Test worker DEBUG Jansi is not installed, cannot find org.fusesource.jansi.WindowsAnsiOutputStream
2019-03-12 17:04:46,827 Test worker DEBUG Starting OutputStreamManager SYSTEM_OUT.false.false
2019-03-12 17:04:46,827 Test worker DEBUG Building Plugin[name=layout, class=org.apache.logging.log4j.core.layout.PatternLayout].
2019-03-12 17:04:46,827 Test worker DEBUG PatternLayout$Builder(pattern="%d{DATE} %-5level %class{36} %L %M - %msg%n", PatternSelector=null, Configuration(E:\Sem 2 An 2\MPP\Zboruri\build\resources\main\log4j2.xml), Replace=null, charset="null", alwaysWriteExceptions="null", disableAnsi="null", noConsoleNoAnsi="null", header="null", footer="null")
2019-03-12 17:04:46,843 Test worker DEBUG Building Plugin[name=appender, class=org.apache.logging.log4j.core.appender.FileAppender].
2019-03-12 17:04:46,843 Test worker DEBUG FileAppender$Builder(fileName="target/test.log", append="true", locking="null", advertise="null", advertiseUri="null", createOnDemand="null", bufferedIo="null", bufferSize="null", immediateFlush="null", ignoreExceptions="null", PatternLayout(%d{DATE} %-5level %class{36} %L %M - %msg%n), name="log", Configuration(E:\Sem 2 An 2\MPP\Zboruri\build\resources\main\log4j2.xml), Filter=null)
2019-03-12 17:04:46,843 Test worker DEBUG Starting FileManager target/test.log
2019-03-12 17:04:46,843 Test worker DEBUG Building Plugin[name=appenders, class=org.apache.logging.log4j.core.config.AppendersPlugin].
2019-03-12 17:04:46,843 Test worker DEBUG createAppenders(={Console, log})
2019-03-12 17:04:46,843 Test worker DEBUG Building Plugin[name=AppenderRef, class=org.apache.logging.log4j.core.config.AppenderRef].
2019-03-12 17:04:46,843 Test worker DEBUG createAppenderRef(ref="log", level="null", Filter=null)
2019-03-12 17:04:46,843 Test worker DEBUG Building Plugin[name=AppenderRef, class=org.apache.logging.log4j.core.config.AppenderRef].
2019-03-12 17:04:46,843 Test worker DEBUG createAppenderRef(ref="Console", level="null", Filter=null)
2019-03-12 17:04:46,843 Test worker DEBUG Building Plugin[name=root, class=org.apache.logging.log4j.core.config.LoggerConfig$RootLogger].
2019-03-12 17:04:46,843 Test worker DEBUG createLogger(additivity="null", level="TRACE", includeLocation="null", ={log, Console}, ={}, Configuration(E:\Sem 2 An 2\MPP\Zboruri\build\resources\main\log4j2.xml), Filter=null)
2019-03-12 17:04:46,858 Test worker DEBUG Building Plugin[name=loggers, class=org.apache.logging.log4j.core.config.LoggersPlugin].
2019-03-12 17:04:46,858 Test worker DEBUG createLoggers(={root})
2019-03-12 17:04:46,858 Test worker DEBUG Configuration XmlConfiguration[location=E:\Sem 2 An 2\MPP\Zboruri\build\resources\main\log4j2.xml] initialized
2019-03-12 17:04:46,858 Test worker DEBUG Starting configuration XmlConfiguration[location=E:\Sem 2 An 2\MPP\Zboruri\build\resources\main\log4j2.xml]
2019-03-12 17:04:46,858 Test worker DEBUG Started configuration XmlConfiguration[location=E:\Sem 2 An 2\MPP\Zboruri\build\resources\main\log4j2.xml] OK.
2019-03-12 17:04:46,858 Test worker TRACE Stopping org.apache.logging.log4j.core.config.DefaultConfiguration@161a8567...
2019-03-12 17:04:46,858 Test worker TRACE DefaultConfiguration notified 1 ReliabilityStrategies that config will be stopped.
2019-03-12 17:04:46,858 Test worker TRACE DefaultConfiguration stopping root LoggerConfig.
2019-03-12 17:04:46,858 Test worker TRACE DefaultConfiguration notifying ReliabilityStrategies that appenders will be stopped.
2019-03-12 17:04:46,858 Test worker TRACE DefaultConfiguration stopping remaining Appenders.
2019-03-12 17:04:46,858 Test worker DEBUG Shutting down OutputStreamManager SYSTEM_OUT.false.false-1
2019-03-12 17:04:46,858 Test worker DEBUG Shut down OutputStreamManager SYSTEM_OUT.false.false-1, all resources released: true
2019-03-12 17:04:46,858 Test worker DEBUG Appender DefaultConsole-1 stopped with status true
2019-03-12 17:04:46,858 Test worker TRACE DefaultConfiguration stopped 1 remaining Appenders.
2019-03-12 17:04:46,858 Test worker TRACE DefaultConfiguration cleaning Appenders from 1 LoggerConfigs.
2019-03-12 17:04:46,858 Test worker DEBUG Stopped org.apache.logging.log4j.core.config.DefaultConfiguration@161a8567 OK
2019-03-12 17:04:46,905 Test worker TRACE Reregistering MBeans after reconfigure. Selector=org.apache.logging.log4j.core.selector.ClassLoaderContextSelector@472a7634
2019-03-12 17:04:46,905 Test worker TRACE Reregistering context (1/1): '6e5e91e4' org.apache.logging.log4j.core.LoggerContext@4a824515
2019-03-12 17:04:46,905 Test worker TRACE Unregistering but no MBeans found matching 'org.apache.logging.log4j2:type=6e5e91e4'
2019-03-12 17:04:46,905 Test worker TRACE Unregistering but no MBeans found matching 'org.apache.logging.log4j2:type=6e5e91e4,component=StatusLogger'
2019-03-12 17:04:46,905 Test worker TRACE Unregistering but no MBeans found matching 'org.apache.logging.log4j2:type=6e5e91e4,component=ContextSelector'
2019-03-12 17:04:46,905 Test worker TRACE Unregistering but no MBeans found matching 'org.apache.logging.log4j2:type=6e5e91e4,component=Loggers,name=*'
2019-03-12 17:04:46,905 Test worker TRACE Unregistering but no MBeans found matching 'org.apache.logging.log4j2:type=6e5e91e4,component=Appenders,name=*'
2019-03-12 17:04:46,905 Test worker TRACE Unregistering but no MBeans found matching 'org.apache.logging.log4j2:type=6e5e91e4,component=AsyncAppenders,name=*'
2019-03-12 17:04:46,905 Test worker TRACE Unregistering but no MBeans found matching 'org.apache.logging.log4j2:type=6e5e91e4,component=AsyncLoggerRingBuffer'
2019-03-12 17:04:46,905 Test worker TRACE Unregistering but no MBeans found matching 'org.apache.logging.log4j2:type=6e5e91e4,component=Loggers,name=*,subtype=RingBuffer'
2019-03-12 17:04:46,905 Test worker DEBUG Registering MBean org.apache.logging.log4j2:type=6e5e91e4
2019-03-12 17:04:46,905 Test worker DEBUG Registering MBean org.apache.logging.log4j2:type=6e5e91e4,component=StatusLogger
2019-03-12 17:04:46,921 Test worker DEBUG Registering MBean org.apache.logging.log4j2:type=6e5e91e4,component=ContextSelector
2019-03-12 17:04:46,921 Test worker DEBUG Registering MBean org.apache.logging.log4j2:type=6e5e91e4,component=Loggers,name=
2019-03-12 17:04:46,921 Test worker DEBUG Registering MBean org.apache.logging.log4j2:type=6e5e91e4,component=Appenders,name=Console
2019-03-12 17:04:46,921 Test worker DEBUG Registering MBean org.apache.logging.log4j2:type=6e5e91e4,component=Appenders,name=log
2019-03-12 17:04:46,921 Test worker TRACE Using default SystemClock for timestamps.
2019-03-12 17:04:46,921 Test worker TRACE Using DummyNanoClock for nanosecond timestamps.
2019-03-12 17:04:46,921 Test worker DEBUG Reconfiguration complete for context[name=6e5e91e4] at URI E:\Sem 2 An 2\MPP\Zboruri\build\resources\main\log4j2.xml (org.apache.logging.log4j.core.LoggerContext@4a824515) with optional ClassLoader: null
2019-03-12 17:04:46,921 Test worker DEBUG Shutdown hook enabled. Registering a new one.
2019-03-12 17:04:46,921 Test worker DEBUG LoggerContext[name=6e5e91e4, org.apache.logging.log4j.core.LoggerContext@4a824515] started OK.
]]></system-out>
  <system-err><![CDATA[Warning: Nashorn engine is planned to be removed from a future JDK release
]]></system-err>
</testsuite>
