<?xml version="1.0" encoding="UTF-8"?>
<testsuite name="repository.ClientRepositoryTest" tests="3" skipped="0" failures="0" errors="0" timestamp="2019-03-12T15:04:46" hostname="Ciprian-PC" time="0.003">
  <properties/>
  <testcase name="findAll" classname="repository.ClientRepositoryTest" time="0.002"/>
  <testcase name="findOne" classname="repository.ClientRepositoryTest" time="0.001"/>
  <testcase name="save" classname="repository.ClientRepositoryTest" time="0.0"/>
  <system-out><![CDATA[]]></system-out>
  <system-err><![CDATA[]]></system-err>
</testsuite>
