<?xml version="1.0" encoding="UTF-8"?>
<testsuite name="tests.TestsTest" tests="2" skipped="0" failures="0" errors="0" timestamp="2019-02-27T07:17:53" hostname="Adrian-MSI" time="0.046">
  <properties/>
  <testcase name="messageTasks2" classname="tests.TestsTest" time="0.045"/>
  <testcase name="messageTasks" classname="tests.TestsTest" time="0.001"/>
  <system-out><![CDATA[]]></system-out>
  <system-err><![CDATA[]]></system-err>
</testsuite>
