<?xml version="1.0" encoding="UTF-8"?>
<testsuite name="repository.ZborRepositoryTest" tests="4" skipped="0" failures="0" errors="0" timestamp="2019-03-20T06:43:53" hostname="Ciprian-PC" time="0.22">
  <properties/>
  <testcase name="delete" classname="repository.ZborRepositoryTest" time="0.081"/>
  <testcase name="findAll" classname="repository.ZborRepositoryTest" time="0.039"/>
  <testcase name="findOne" classname="repository.ZborRepositoryTest" time="0.015"/>
  <testcase name="save" classname="repository.ZborRepositoryTest" time="0.084"/>
  <system-out><![CDATA[20 Mar 2019 08:43:53,544 TRACE repository.ZborRepository 42 delete - Enter Deleting flight with id=3
20 Mar 2019 08:43:53,545 TRACE repository.DatabaseUtils 39 getConnection - Enter
20 Mar 2019 08:43:53,545 TRACE repository.DatabaseUtils 21 getNewConnection - Enter
20 Mar 2019 08:43:53,546 INFO  repository.DatabaseUtils 24 getNewConnection - Connecting to jdbc:sqlite:E://Sem 2 An 2//MPP//Zboruri//databasetest.db
20 Mar 2019 08:43:53,546 INFO  repository.DatabaseUtils 28 getNewConnection - Loaded driver org.sqlite.JDBC
20 Mar 2019 08:43:53,547 TRACE repository.DatabaseUtils 47 getConnection - Exit with(org.sqlite.SQLiteConnection@397b1a2b)
20 Mar 2019 08:43:53,613 TRACE repository.ZborRepository 50 delete - Exit
20 Mar 2019 08:43:53,614 TRACE repository.ZborRepository 55 size - Enter
20 Mar 2019 08:43:53,614 TRACE repository.DatabaseUtils 39 getConnection - Enter
20 Mar 2019 08:43:53,615 TRACE repository.DatabaseUtils 21 getNewConnection - Enter
20 Mar 2019 08:43:53,615 INFO  repository.DatabaseUtils 24 getNewConnection - Connecting to jdbc:sqlite:E://Sem 2 An 2//MPP//Zboruri//databasetest.db
20 Mar 2019 08:43:53,616 INFO  repository.DatabaseUtils 28 getNewConnection - Loaded driver org.sqlite.JDBC
20 Mar 2019 08:43:53,617 TRACE repository.DatabaseUtils 47 getConnection - Exit with(org.sqlite.SQLiteConnection@287cbfcc)
20 Mar 2019 08:43:53,619 TRACE repository.ZborRepository 60 size - Exit with(2)
20 Mar 2019 08:43:53,620 TRACE repository.ZborRepository 97 findAll - Enter
20 Mar 2019 08:43:53,621 TRACE repository.DatabaseUtils 39 getConnection - Enter
20 Mar 2019 08:43:53,622 TRACE repository.DatabaseUtils 21 getNewConnection - Enter
20 Mar 2019 08:43:53,622 INFO  repository.DatabaseUtils 24 getNewConnection - Connecting to jdbc:sqlite:E://Sem 2 An 2//MPP//Zboruri//databasetest.db
20 Mar 2019 08:43:53,623 INFO  repository.DatabaseUtils 28 getNewConnection - Loaded driver org.sqlite.JDBC
20 Mar 2019 08:43:53,624 TRACE repository.DatabaseUtils 47 getConnection - Exit with(org.sqlite.SQLiteConnection@5666df3)
20 Mar 2019 08:43:53,652 TRACE repository.ZborRepository 115 findAll - Exit with([Zbor{ID=1, destinatie='Paris', plecare=2019-03-12T13:44, aeroport='BUD', locuri=150}, Zbor{ID=2, destinatie='Copenhaga', plecare=2019-03-20T12:22, aeroport='LYS', locuri=200}])
20 Mar 2019 08:43:53,654 TRACE repository.ZborRepository 55 size - Enter
20 Mar 2019 08:43:53,654 TRACE repository.DatabaseUtils 39 getConnection - Enter
20 Mar 2019 08:43:53,655 TRACE repository.DatabaseUtils 21 getNewConnection - Enter
20 Mar 2019 08:43:53,655 INFO  repository.DatabaseUtils 24 getNewConnection - Connecting to jdbc:sqlite:E://Sem 2 An 2//MPP//Zboruri//databasetest.db
20 Mar 2019 08:43:53,656 INFO  repository.DatabaseUtils 28 getNewConnection - Loaded driver org.sqlite.JDBC
20 Mar 2019 08:43:53,657 TRACE repository.DatabaseUtils 47 getConnection - Exit with(org.sqlite.SQLiteConnection@4642dd08)
20 Mar 2019 08:43:53,658 TRACE repository.ZborRepository 60 size - Exit with(2)
20 Mar 2019 08:43:53,660 TRACE repository.ZborRepository 72 findOne - Enter Finding flight with id = 1
20 Mar 2019 08:43:53,661 TRACE repository.DatabaseUtils 39 getConnection - Enter
20 Mar 2019 08:43:53,661 TRACE repository.DatabaseUtils 21 getNewConnection - Enter
20 Mar 2019 08:43:53,662 INFO  repository.DatabaseUtils 24 getNewConnection - Connecting to jdbc:sqlite:E://Sem 2 An 2//MPP//Zboruri//databasetest.db
20 Mar 2019 08:43:53,663 INFO  repository.DatabaseUtils 28 getNewConnection - Loaded driver org.sqlite.JDBC
20 Mar 2019 08:43:53,664 TRACE repository.DatabaseUtils 47 getConnection - Exit with(org.sqlite.SQLiteConnection@4062e464)
20 Mar 2019 08:43:53,666 TRACE repository.ZborRepository 84 findOne - Exit
20 Mar 2019 08:43:53,668 TRACE repository.ZborRepository 72 findOne - Enter Finding flight with id = 2
20 Mar 2019 08:43:53,668 TRACE repository.DatabaseUtils 39 getConnection - Enter
20 Mar 2019 08:43:53,669 TRACE repository.DatabaseUtils 21 getNewConnection - Enter
20 Mar 2019 08:43:53,670 INFO  repository.DatabaseUtils 24 getNewConnection - Connecting to jdbc:sqlite:E://Sem 2 An 2//MPP//Zboruri//databasetest.db
20 Mar 2019 08:43:53,670 INFO  repository.DatabaseUtils 28 getNewConnection - Loaded driver org.sqlite.JDBC
20 Mar 2019 08:43:53,672 TRACE repository.DatabaseUtils 47 getConnection - Exit with(org.sqlite.SQLiteConnection@7b6205dd)
20 Mar 2019 08:43:53,673 TRACE repository.ZborRepository 84 findOne - Exit
20 Mar 2019 08:43:53,675 TRACE repository.ZborRepository 55 size - Enter
20 Mar 2019 08:43:53,678 TRACE repository.DatabaseUtils 39 getConnection - Enter
20 Mar 2019 08:43:53,679 TRACE repository.DatabaseUtils 21 getNewConnection - Enter
20 Mar 2019 08:43:53,680 INFO  repository.DatabaseUtils 24 getNewConnection - Connecting to jdbc:sqlite:E://Sem 2 An 2//MPP//Zboruri//databasetest.db
20 Mar 2019 08:43:53,681 INFO  repository.DatabaseUtils 28 getNewConnection - Loaded driver org.sqlite.JDBC
20 Mar 2019 08:43:53,682 TRACE repository.DatabaseUtils 47 getConnection - Exit with(org.sqlite.SQLiteConnection@7713eff4)
20 Mar 2019 08:43:53,684 TRACE repository.ZborRepository 60 size - Exit with(2)
20 Mar 2019 08:43:53,686 TRACE repository.ZborRepository 25 save - Enter Saving flight with id: 3
20 Mar 2019 08:43:53,687 TRACE repository.DatabaseUtils 39 getConnection - Enter
20 Mar 2019 08:43:53,688 TRACE repository.DatabaseUtils 21 getNewConnection - Enter
20 Mar 2019 08:43:53,689 INFO  repository.DatabaseUtils 24 getNewConnection - Connecting to jdbc:sqlite:E://Sem 2 An 2//MPP//Zboruri//databasetest.db
20 Mar 2019 08:43:53,690 INFO  repository.DatabaseUtils 28 getNewConnection - Loaded driver org.sqlite.JDBC
20 Mar 2019 08:43:53,692 TRACE repository.DatabaseUtils 47 getConnection - Exit with(org.sqlite.SQLiteConnection@2769d683)
20 Mar 2019 08:43:53,755 TRACE repository.ZborRepository 37 save - Exit
20 Mar 2019 08:43:53,755 TRACE repository.ZborRepository 55 size - Enter
20 Mar 2019 08:43:53,756 TRACE repository.DatabaseUtils 39 getConnection - Enter
20 Mar 2019 08:43:53,756 TRACE repository.DatabaseUtils 21 getNewConnection - Enter
20 Mar 2019 08:43:53,756 INFO  repository.DatabaseUtils 24 getNewConnection - Connecting to jdbc:sqlite:E://Sem 2 An 2//MPP//Zboruri//databasetest.db
20 Mar 2019 08:43:53,756 INFO  repository.DatabaseUtils 28 getNewConnection - Loaded driver org.sqlite.JDBC
20 Mar 2019 08:43:53,757 TRACE repository.DatabaseUtils 47 getConnection - Exit with(org.sqlite.SQLiteConnection@70ff47ce)
20 Mar 2019 08:43:53,758 TRACE repository.ZborRepository 60 size - Exit with(3)
]]></system-out>
  <system-err><![CDATA[]]></system-err>
</testsuite>
